0 info it worked if it ends with ok
1 verbose cli [ 'node', '/usr/local/bin/npm', 'install', 'sqllite3' ]
2 info using npm@1.4.28
3 info using node@v0.10.33
4 verbose cache add [ 'sqllite3', null ]
5 verbose cache add name=undefined spec="sqllite3" args=["sqllite3",null]
6 verbose parsed url { protocol: null,
6 verbose parsed url   slashes: null,
6 verbose parsed url   auth: null,
6 verbose parsed url   host: null,
6 verbose parsed url   port: null,
6 verbose parsed url   hostname: null,
6 verbose parsed url   hash: null,
6 verbose parsed url   search: null,
6 verbose parsed url   query: null,
6 verbose parsed url   pathname: 'sqllite3',
6 verbose parsed url   path: 'sqllite3',
6 verbose parsed url   href: 'sqllite3' }
7 silly lockFile 360d4e27-sqllite3 sqllite3
8 verbose lock sqllite3 /Users/ekim/.npm/360d4e27-sqllite3.lock
9 silly lockFile 360d4e27-sqllite3 sqllite3
10 silly lockFile 360d4e27-sqllite3 sqllite3
11 verbose addNamed [ 'sqllite3', '' ]
12 verbose addNamed [ null, '*' ]
13 silly lockFile cc8efbef-sqllite3 sqllite3@
14 verbose lock sqllite3@ /Users/ekim/.npm/cc8efbef-sqllite3.lock
15 silly addNameRange { name: 'sqllite3', range: '*', hasData: false }
16 verbose request where is /sqllite3
17 verbose request registry https://registry.npmjs.org/
18 verbose request id dacb5501f484b519
19 verbose url raw /sqllite3
20 verbose url resolving [ 'https://registry.npmjs.org/', './sqllite3' ]
21 verbose url resolved https://registry.npmjs.org/sqllite3
22 verbose request where is https://registry.npmjs.org/sqllite3
23 info trying registry request attempt 1 at 08:20:45
24 http GET https://registry.npmjs.org/sqllite3
25 http 404 https://registry.npmjs.org/sqllite3
26 verbose headers { date: 'Fri, 02 Jan 2015 00:20:46 GMT',
26 verbose headers   server: 'CouchDB/1.5.0 (Erlang OTP/R16B03)',
26 verbose headers   'content-type': 'application/json',
26 verbose headers   'cache-control': 'max-age=0',
26 verbose headers   'content-length': '52',
26 verbose headers   'accept-ranges': 'bytes',
26 verbose headers   via: '1.1 varnish',
26 verbose headers   age: '0',
26 verbose headers   'x-served-by': 'cache-ty67-TYO',
26 verbose headers   'x-cache': 'MISS',
26 verbose headers   'x-cache-hits': '0',
26 verbose headers   'x-timer': 'S1420158045.992871,VS0,VE523',
26 verbose headers   'keep-alive': 'timeout=10, max=50',
26 verbose headers   connection: 'Keep-Alive' }
27 silly registry.get cb [ 404,
27 silly registry.get   { date: 'Fri, 02 Jan 2015 00:20:46 GMT',
27 silly registry.get     server: 'CouchDB/1.5.0 (Erlang OTP/R16B03)',
27 silly registry.get     'content-type': 'application/json',
27 silly registry.get     'cache-control': 'max-age=0',
27 silly registry.get     'content-length': '52',
27 silly registry.get     'accept-ranges': 'bytes',
27 silly registry.get     via: '1.1 varnish',
27 silly registry.get     age: '0',
27 silly registry.get     'x-served-by': 'cache-ty67-TYO',
27 silly registry.get     'x-cache': 'MISS',
27 silly registry.get     'x-cache-hits': '0',
27 silly registry.get     'x-timer': 'S1420158045.992871,VS0,VE523',
27 silly registry.get     'keep-alive': 'timeout=10, max=50',
27 silly registry.get     connection: 'Keep-Alive' } ]
28 silly lockFile cc8efbef-sqllite3 sqllite3@
29 silly lockFile cc8efbef-sqllite3 sqllite3@
30 error 404 404 Not Found: sqllite3
30 error 404
30 error 404 'sqllite3' is not in the npm registry.
30 error 404 You should bug the author to publish it
30 error 404
30 error 404 Note that you can also install from a
30 error 404 tarball, folder, or http url, or git url.
31 error System Darwin 14.0.0
32 error command "node" "/usr/local/bin/npm" "install" "sqllite3"
33 error cwd /Users/ekim/Gopher
34 error node -v v0.10.33
35 error npm -v 1.4.28
36 error code E404
37 verbose exit [ 1, true ]
